<?xml version="1.0" encoding="UTF-8"?>
<!-- Generated by org.testng.reporters.JUnitReportReporter -->
<testsuite hostname="DESKTOP-BKVHFCN" failures="0" tests="1" name="managers.Temp" time="12.901" errors="0" timestamp="2022-02-24T07:45:34 IST" skipped="0">
  <testcase classname="managers.Temp" name="temp" time="12.901"/>
</testsuite> <!-- managers.Temp -->
