<?xml version="1.0" encoding="UTF-8"?>
<!-- Generated by org.testng.reporters.JUnitReportReporter -->
<testsuite hostname="DESKTOP-BKVHFCN" failures="0" tests="1" name="runner.MyRunner" time="17.812" errors="0" timestamp="2022-03-05T07:07:28 IST" skipped="0">
  <testcase classname="runner.MyRunner" name="runScenario" time="17.812"/>
</testsuite> <!-- runner.MyRunner -->
