<?xml version="1.0" encoding="UTF-8"?>
<!-- Generated by org.testng.reporters.JUnitReportReporter -->
<testsuite skipped="0" hostname="DESKTOP-BKVHFCN" name="runner.MyRunner" tests="1" failures="0" timestamp="2022-03-08T07:12:41 IST" time="33.491" errors="0">
  <testcase name="runScenario" time="33.491" classname="runner.MyRunner"/>
  <system-out/>
</testsuite> <!-- runner.MyRunner -->
